<?xml version="1.0" encoding="UTF-8"?>
<testsuite name="CorrecterTest" tests="1" skipped="0" failures="1" errors="0" timestamp="2022-06-14T17:30:27" hostname="MINT-LAPTOP" time="0.152">
  <properties/>
  <testcase name="start" classname="CorrecterTest" time="0.152">
    <failure message="java.lang.AssertionError: Wrong answer in test #3&#10;&#10;The decoded text must match initial text!&#10;&#10;Please find below the output of your program during this failed test.&#10;Note that the '&gt;' character indicates the beginning of the input line.&#10;&#10;---&#10;&#10;Write a mode: &gt; decode" type="java.lang.AssertionError">java.lang.AssertionError: Wrong answer in test #3

The decoded text must match initial text!

Please find below the output of your program during this failed test.
Note that the '&gt;' character indicates the beginning of the input line.

---

Write a mode: &gt; decode
	at org.junit.Assert.fail(Assert.java:88)
	at org.hyperskill.hstest.stage.StageTest.start(StageTest.java:155)
	at java.base/jdk.internal.reflect.NativeMethodAccessorImpl.invoke0(Native Method)
	at java.base/jdk.internal.reflect.NativeMethodAccessorImpl.invoke(NativeMethodAccessorImpl.java:77)
	at java.base/jdk.internal.reflect.DelegatingMethodAccessorImpl.invoke(DelegatingMethodAccessorImpl.java:43)
	at java.base/java.lang.reflect.Method.invoke(Method.java:568)
	at org.junit.runners.model.FrameworkMethod$1.runReflectiveCall(FrameworkMethod.java:50)
	at org.junit.internal.runners.model.ReflectiveCallable.run(ReflectiveCallable.java:12)
	at org.junit.runners.model.FrameworkMethod.invokeExplosively(FrameworkMethod.java:47)
	at org.junit.internal.runners.statements.InvokeMethod.evaluate(InvokeMethod.java:17)
	at org.junit.runners.ParentRunner.runLeaf(ParentRunner.java:325)
	at org.junit.runners.BlockJUnit4ClassRunner.runChild(BlockJUnit4ClassRunner.java:78)
	at org.junit.runners.BlockJUnit4ClassRunner.runChild(BlockJUnit4ClassRunner.java:57)
	at org.junit.runners.ParentRunner$3.run(ParentRunner.java:290)
	at org.junit.runners.ParentRunner$1.schedule(ParentRunner.java:71)
	at org.junit.runners.ParentRunner.runChildren(ParentRunner.java:288)
	at org.junit.runners.ParentRunner.access$000(ParentRunner.java:58)
	at org.junit.runners.ParentRunner$2.evaluate(ParentRunner.java:268)
	at org.junit.runners.ParentRunner.run(ParentRunner.java:363)
	at org.gradle.api.internal.tasks.testing.junit.JUnitTestClassExecutor.runTestClass(JUnitTestClassExecutor.java:110)
	at org.gradle.api.internal.tasks.testing.junit.JUnitTestClassExecutor.execute(JUnitTestClassExecutor.java:58)
	at org.gradle.api.internal.tasks.testing.junit.JUnitTestClassExecutor.execute(JUnitTestClassExecutor.java:38)
	at org.gradle.api.internal.tasks.testing.junit.AbstractJUnitTestClassProcessor.processTestClass(AbstractJUnitTestClassProcessor.java:62)
	at org.gradle.api.internal.tasks.testing.SuiteTestClassProcessor.processTestClass(SuiteTestClassProcessor.java:51)
	at java.base/jdk.internal.reflect.NativeMethodAccessorImpl.invoke0(Native Method)
	at java.base/jdk.internal.reflect.NativeMethodAccessorImpl.invoke(NativeMethodAccessorImpl.java:77)
	at java.base/jdk.internal.reflect.DelegatingMethodAccessorImpl.invoke(DelegatingMethodAccessorImpl.java:43)
	at java.base/java.lang.reflect.Method.invoke(Method.java:568)
	at org.gradle.internal.dispatch.ReflectionDispatch.dispatch(ReflectionDispatch.java:36)
	at org.gradle.internal.dispatch.ReflectionDispatch.dispatch(ReflectionDispatch.java:24)
	at org.gradle.internal.dispatch.ContextClassLoaderDispatch.dispatch(ContextClassLoaderDispatch.java:33)
	at org.gradle.internal.dispatch.ProxyDispatchAdapter$DispatchingInvocationHandler.invoke(ProxyDispatchAdapter.java:94)
	at jdk.proxy1/jdk.proxy1.$Proxy2.processTestClass(Unknown Source)
	at org.gradle.api.internal.tasks.testing.worker.TestWorker$2.run(TestWorker.java:176)
	at org.gradle.api.internal.tasks.testing.worker.TestWorker.executeAndMaintainThreadName(TestWorker.java:129)
	at org.gradle.api.internal.tasks.testing.worker.TestWorker.execute(TestWorker.java:100)
	at org.gradle.api.internal.tasks.testing.worker.TestWorker.execute(TestWorker.java:60)
	at org.gradle.process.internal.worker.child.ActionExecutionWorker.execute(ActionExecutionWorker.java:56)
	at org.gradle.process.internal.worker.child.SystemApplicationClassLoaderWorker.call(SystemApplicationClassLoaderWorker.java:133)
	at org.gradle.process.internal.worker.child.SystemApplicationClassLoaderWorker.call(SystemApplicationClassLoaderWorker.java:71)
	at worker.org.gradle.process.internal.worker.GradleWorkerMain.run(GradleWorkerMain.java:69)
	at worker.org.gradle.process.internal.worker.GradleWorkerMain.main(GradleWorkerMain.java:74)
</failure>
  </testcase>
  <system-out><![CDATA[?[1;31m
Start test 1?[0m
Write a mode: > encode
send.txt:
text view: Eat more of these french buns!
hex view: 45 61 74 20 6d 6f 72 65 20 6f 66 20 74 68 65 73 65 20 66 72 65 6e 63 68 20 62 75 6e 73 21 
bin view: 01000101 01100001 01110100 00100000 01101101 01101111 01110010 01100101 00100000 01101111 01100110 00100000 01110100 01101000 01100101 01110011 01100101 00100000 01100110 01110010 01100101 01101110 01100011 01101000 00100000 01100010 01110101 01101110 01110011 00100001 

encoded.txt
expand: ..0.100. ..0.101. ..0.110. ..0.001. ..0.111. ..0.100. ..0.010. ..0.000. ..0.110. ..1.101. ..0.110. ..1.111. ..0.111. ..0.010. ..0.110. ..0.101. ..0.010. ..0.000. ..0.110. ..1.111. ..0.110. ..0.110. ..0.010. ..0.000. ..0.111. ..0.100. ..0.110. ..1.000. ..0.110. ..0.101. ..0.111. ..0.011. ..0.110. ..0.101. ..0.010. ..0.000. ..0.110. ..0.110. ..0.111. ..0.010. ..0.110. ..0.101. ..0.110. ..1.110. ..0.110. ..0.011. ..0.110. ..1.000. ..0.010. ..0.000. ..0.110. ..0.010. ..0.111. ..0.101. ..0.110. ..1.110. ..0.111. ..0.011. ..0.010. ..0.001. 
parity: 10011000 01001010 11001100 11010010 00011110 10011000 01010100 00000000 11001100 10101010 11001100 11111110 00011110 01010100 11001100 01001010 01010100 00000000 11001100 11111110 11001100 11001100 01010100 00000000 00011110 10011000 11001100 11100000 11001100 01001010 00011110 10000110 11001100 01001010 01010100 00000000 11001100 11001100 00011110 01010100 11001100 01001010 11001100 00101100 11001100 10000110 11001100 11100000 01010100 00000000 11001100 01010100 00011110 01001010 11001100 00101100 00011110 10000110 01010100 11010010 
hex view: 98 4A CC D2 1E 98 54 00 CC AA CC FE 1E 54 CC 4A 54 00 CC FE CC CC 54 00 1E 98 CC E0 CC 4A 1E 86 CC 4A 54 00 CC CC 1E 54 CC 4A CC 2C CC 86 CC E0 54 00 CC 54 1E 4A CC 2C 1E 86 54 D2 
?[1;31m
Start test 2?[0m
Write a mode: > send
?[1;31m
Start test 3?[0m
Write a mode: > decode
]]></system-out>
  <system-err><![CDATA[]]></system-err>
</testsuite>
